<?xml version="1.0" encoding="UTF-8"?>
<!-- Generated by org.testng.reporters.JUnitReportReporter -->
<testsuite skipped="0" hostname="DESKTOP-27L8JE7" name="pageobjectmodel.POM_001" tests="1" failures="0" timestamp="19 Jan 2021 02:24:46 GMT" time="21.055" errors="0">
  <testcase name="login" time="21.055" classname="pageobjectmodel.POM_001"/>
</testsuite> <!-- pageobjectmodel.POM_001 -->
