<?xml version="1.0" encoding="UTF-8"?>
<!-- Generated by org.testng.reporters.JUnitReportReporter -->
<testsuite skipped="0" hostname="DESKTOP-27L8JE7" name="com.project.December2020MavenBuild.RadioButton1" tests="1" failures="0" timestamp="24 Dec 2020 02:25:41 GMT" time="31.360" errors="0">
  <testcase name="radioButtonTest" time="31.360" classname="com.project.December2020MavenBuild.RadioButton1"/>
</testsuite> <!-- com.project.December2020MavenBuild.RadioButton1 -->
