<?xml version="1.0" encoding="UTF-8"?>
<!-- Generated by org.testng.reporters.JUnitReportReporter -->
<testsuite skipped="1" hostname="DESKTOP-27L8JE7" name="com.project.December2020MavenBuild.TNG_001" tests="3" failures="0" timestamp="23 Dec 2020 02:22:17 GMT" time="0.020" errors="0">
  <testcase name="f" time="0.015" classname="com.project.December2020MavenBuild.TNG_001"/>
  <testcase name="z" time="0.005" classname="com.project.December2020MavenBuild.TNG_001"/>
  <testcase name="a" classname="com.project.December2020MavenBuild.TNG_001">
    <skipped/>
  </testcase> <!-- a -->
</testsuite> <!-- com.project.December2020MavenBuild.TNG_001 -->
